<?xml version="1.0" encoding="UTF-8"?>
<!-- Generated by org.testng.reporters.JUnitXMLReporter -->
<testsuite ignored="13" hostname="QU1980" failures="1" tests="1" name="Test for the JJill application" time="13.897" errors="0" timestamp="22 Feb 2022 20:28:49 GMT">
  <testcase classname="com.JJill.testcases.LoginTest" name="verifyInventoryData" time="8.333">
    <failure type="org.openqa.selenium.ElementClickInterceptedException" message="element click intercepted: Element &amp;lt;input type=&amp;quot;search&amp;quot; value=&amp;quot;&amp;quot; placeholder=&amp;quot;Search&amp;quot; name=&amp;quot;searchTerm&amp;quot; id=&amp;quot;searchInput&amp;quot; class=&amp;quot;jss94&amp;quot;&amp;gt; is not clickable at point (1116, 104). Other element would receive the click: &amp;lt;p class=&amp;quot;MuiTypography-root jss210 MuiTypography-body1&amp;quot;&amp;gt;...&amp;lt;/p&amp;gt;
  (Session info: chrome=98.0.4758.102)
Build info: version: &amp;apos;3.141.59&amp;apos;, revision: &amp;apos;e82be7d358&amp;apos;, time: &amp;apos;2018-11-14T08:17:03&amp;apos;
System info: host: &amp;apos;QU1980&amp;apos;, ip: &amp;apos;10.0.0.249&amp;apos;, os.name: &amp;apos;Windows 10&amp;apos;, os.arch: &amp;apos;amd64&amp;apos;, os.version: &amp;apos;10.0&amp;apos;, java.version: &amp;apos;16.0.2&amp;apos;
Driver info: org.openqa.selenium.chrome.ChromeDriver
Capabilities {acceptInsecureCerts: false, browserName: chrome, browserVersion: 98.0.4758.102, chrome: {chromedriverVersion: 97.0.4692.71 (adefa7837d02a..., userDataDir: C:\Users\NITKHI~1.KUT\AppDa...}, goog:chromeOptions: {debuggerAddress: localhost:50429}, javascriptEnabled: true, networkConnectionEnabled: false, pageLoadStrategy: normal, platform: WINDOWS, platformName: WINDOWS, proxy: Proxy(), setWindowRect: true, strictFileInteractability: false, timeouts: {implicit: 0, pageLoad: 300000, script: 30000}, unhandledPromptBehavior: dismiss and notify, webauthn:extension:credBlob: true, webauthn:extension:largeBlob: true, webauthn:virtualAuthenticators: true}
Session ID: c20a8bb4ddf83b955a38c8bab6a820e5">
      <![CDATA[org.openqa.selenium.ElementClickInterceptedException: element click intercepted: Element <input type="search" value="" placeholder="Search" name="searchTerm" id="searchInput" class="jss94"> is not clickable at point (1116, 104). Other element would receive the click: <p class="MuiTypography-root jss210 MuiTypography-body1">...</p>
  (Session info: chrome=98.0.4758.102)
Build info: version: '3.141.59', revision: 'e82be7d358', time: '2018-11-14T08:17:03'
System info: host: 'QU1980', ip: '10.0.0.249', os.name: 'Windows 10', os.arch: 'amd64', os.version: '10.0', java.version: '16.0.2'
Driver info: org.openqa.selenium.chrome.ChromeDriver
Capabilities {acceptInsecureCerts: false, browserName: chrome, browserVersion: 98.0.4758.102, chrome: {chromedriverVersion: 97.0.4692.71 (adefa7837d02a..., userDataDir: C:\Users\NITKHI~1.KUT\AppDa...}, goog:chromeOptions: {debuggerAddress: localhost:50429}, javascriptEnabled: true, networkConnectionEnabled: false, pageLoadStrategy: normal, platform: WINDOWS, platformName: WINDOWS, proxy: Proxy(), setWindowRect: true, strictFileInteractability: false, timeouts: {implicit: 0, pageLoad: 300000, script: 30000}, unhandledPromptBehavior: dismiss and notify, webauthn:extension:credBlob: true, webauthn:extension:largeBlob: true, webauthn:virtualAuthenticators: true}
Session ID: c20a8bb4ddf83b955a38c8bab6a820e5
	at org.openqa.selenium.remote.http.W3CHttpResponseCodec.createException(W3CHttpResponseCodec.java:187)
	at org.openqa.selenium.remote.http.W3CHttpResponseCodec.decode(W3CHttpResponseCodec.java:122)
	at org.openqa.selenium.remote.http.W3CHttpResponseCodec.decode(W3CHttpResponseCodec.java:49)
	at org.openqa.selenium.remote.HttpCommandExecutor.execute(HttpCommandExecutor.java:158)
	at org.openqa.selenium.remote.service.DriverCommandExecutor.execute(DriverCommandExecutor.java:83)
	at org.openqa.selenium.remote.RemoteWebDriver.execute(RemoteWebDriver.java:552)
	at org.openqa.selenium.remote.RemoteWebElement.execute(RemoteWebElement.java:285)
	at org.openqa.selenium.remote.RemoteWebElement.click(RemoteWebElement.java:84)
	at org.openqa.selenium.support.pagefactory.internal.LocatingElementHandler.invoke(LocatingElementHandler.java:51)
	at jdk.proxy2/jdk.proxy2.$Proxy12.click(Unknown Source)
	at pages.AddProduct_CheckoutFunctionality.validateOOSFunctionality(AddProduct_CheckoutFunctionality.java:1439)
	at com.JJill.testcases.LoginTest.verifyInventoryData(LoginTest.java:121)
... Removed 34 stack frames]]>
    </failure>
  </testcase> <!-- verifyInventoryData -->
  <testcase classname="com.JJill.testcases.LoginTest" name="verifyPaginationFunctionality" time="0.0">
    <ignored/>
  </testcase> <!-- verifyPaginationFunctionality -->
  <testcase classname="com.JJill.testcases.LoginTest" name="verifyCompletetheLook" time="0.0">
    <ignored/>
  </testcase> <!-- verifyCompletetheLook -->
  <testcase classname="com.JJill.testcases.LoginTest" name="verifyPDPFunctionality" time="0.0">
    <ignored/>
  </testcase> <!-- verifyPDPFunctionality -->
  <testcase classname="com.JJill.testcases.LoginTest" name="verifyQuickLookFunctionality" time="0.0">
    <ignored/>
  </testcase> <!-- verifyQuickLookFunctionality -->
  <testcase classname="com.JJill.testcases.LoginTest" name="verifyMonetateBadging" time="0.0">
    <ignored/>
  </testcase> <!-- verifyMonetateBadging -->
  <testcase classname="com.JJill.testcases.LoginTest" name="verifyForgotPasswordFunctionality" time="0.0">
    <ignored/>
  </testcase> <!-- verifyForgotPasswordFunctionality -->
  <testcase classname="com.JJill.testcases.LoginTest" name="verifyHeaderFunctionality" time="0.0">
    <ignored/>
  </testcase> <!-- verifyHeaderFunctionality -->
  <testcase classname="com.JJill.testcases.LoginTest" name="verifyCheckoutFunctionality" time="0.0">
    <ignored/>
  </testcase> <!-- verifyCheckoutFunctionality -->
  <testcase classname="com.JJill.testcases.LoginTest" name="verifyLoginInFunctionality" time="0.0">
    <ignored/>
  </testcase> <!-- verifyLoginInFunctionality -->
  <testcase classname="com.JJill.testcases.LoginTest" name="verifySearchFunctionality" time="0.0">
    <ignored/>
  </testcase> <!-- verifySearchFunctionality -->
  <testcase classname="com.JJill.testcases.LoginTest" name="verifyShoptheLook" time="0.0">
    <ignored/>
  </testcase> <!-- verifyShoptheLook -->
  <testcase classname="com.JJill.testcases.LoginTest" name="verifyFooterFunctionality" time="0.0">
    <ignored/>
  </testcase> <!-- verifyFooterFunctionality -->
  <testcase classname="com.JJill.testcases.LoginTest" name="verifyPLPFunctionality" time="0.0">
    <ignored/>
  </testcase> <!-- verifyPLPFunctionality -->
</testsuite> <!-- Test for the JJill application -->
