<?xml version="1.0" encoding="UTF-8"?>
<testng-results ignored="14" total="15" passed="1" failed="0" skipped="0">
  <reporter-output>
    <line>
      <![CDATA[Fetch the useremail and password from the test data sheet and set it]]>
    </line>
    <line>
      <![CDATA[Fetched the useremail and password from the test data sheet successfully]]>
    </line>
    <line>
      <![CDATA[Enter Username and Password]]>
    </line>
    <line>
      <![CDATA[Login Successful]]>
    </line>
    <line>
      <![CDATA[Validating PDP and Complete the Look Size Functionality Started]]>
    </line>
    <line>
      <![CDATA[Fetch the search data]]>
    </line>
    <line>
      <![CDATA[Fetched search data from the test data sheet successfully]]>
    </line>
    <line>
      <![CDATA[Enter CTL Data]]>
    </line>
    <line>
      <![CDATA[Pima Ankle-Length Leggings]]>
    </line>
    <line>
      <![CDATA[Size Type validation in PDP and Complete the Look is matching]]>
    </line>
    <line>
      <![CDATA[Pure Jill Tie-Dyed Scarf]]>
    </line>
    <line>
      <![CDATA[Size Type validation in PDP and Complete the Look is matching]]>
    </line>
    <line>
      <![CDATA[Birkenstock® Arizona Big Buckle Sandals]]>
    </line>
    <line>
      <![CDATA[Size Type validation in PDP and Complete the Look is matching]]>
    </line>
    <line>
      <![CDATA[Tie-Dyed-Stripes Crew Socks]]>
    </line>
    <line>
      <![CDATA[Size Type validation in PDP and Complete the Look is matching]]>
    </line>
    <line>
      <![CDATA[Pima Ankle-Length Leggings]]>
    </line>
    <line>
      <![CDATA[Size Type validation in PDP and Complete the Look is matching]]>
    </line>
    <line>
      <![CDATA[Pure Jill Tie-Dyed Scarf]]>
    </line>
    <line>
      <![CDATA[Size Type validation in PDP and Complete the Look is matching]]>
    </line>
    <line>
      <![CDATA[Birkenstock® Arizona Big Buckle Sandals]]>
    </line>
    <line>
      <![CDATA[Size Type validation in PDP and Complete the Look is matching]]>
    </line>
    <line>
      <![CDATA[Tie-Dyed-Stripes Crew Socks]]>
    </line>
    <line>
      <![CDATA[Size Type validation in PDP and Complete the Look is matching]]>
    </line>
    <line>
      <![CDATA[Complete the Look Functionality Sucessfully]]>
    </line>
    <line>
      <![CDATA[Logging out of application]]>
    </line>
    <line>
      <![CDATA[Logout successful]]>
    </line>
  </reporter-output>
  <suite started-at="2022-02-28T18:05:08Z" name="Failed suite [Failed suite [Failed suite [Failed suite [Failed suite [Failed suite [Failed suite [Failed suite [Failed suite [Failed suite [Failed suite [Failed suite [Failed suite [Failed suite [Failed suite [Failed suite [Failed suite [Failed suite [Failed suite [Failed suite [Failed suite [Failed suite [Testing JJill Application]]]]]]]]]]]]]]]]]]]]]]" finished-at="2022-02-28T18:05:37Z" duration-ms="29435">
    <groups>
      <group name="SmokeTest">
        <method signature="TestCases.verifyPDP_CompletetheLook()[pri:0, instance:com.JJill.testcases.TestCases@561b6512]" name="verifyPDP_CompletetheLook" class="com.JJill.testcases.TestCases"/>
      </group> <!-- SmokeTest -->
      <group name="Production">
        <method signature="TestCases.verifyPDP_CompletetheLook()[pri:0, instance:com.JJill.testcases.TestCases@561b6512]" name="verifyPDP_CompletetheLook" class="com.JJill.testcases.TestCases"/>
      </group> <!-- Production -->
    </groups>
    <test started-at="2022-02-28T18:05:08Z" name="Test for the JJill application(failed)(failed)(failed)(failed)(failed)(failed)(failed)(failed)(failed)(failed)(failed)(failed)(failed)(failed)(failed)(failed)(failed)(failed)(failed)(failed)(failed)(failed)" finished-at="2022-02-28T18:05:37Z" duration-ms="29435">
      <class name="com.JJill.testcases.TestCases">
        <test-method is-config="true" signature="setup()[pri:0, instance:com.JJill.testcases.TestCases@561b6512]" started-at="2022-02-28T13:05:08Z" name="setup" finished-at="2022-02-28T13:05:14Z" duration-ms="5852" status="PASS">
          <reporter-output>
          </reporter-output>
        </test-method> <!-- setup -->
        <test-method signature="verifyPDP_CompletetheLook()[pri:0, instance:com.JJill.testcases.TestCases@561b6512]" started-at="2022-02-28T13:05:14Z" name="verifyPDP_CompletetheLook" finished-at="2022-02-28T13:05:37Z" duration-ms="23011" status="PASS">
          <reporter-output>
            <line>
              <![CDATA[Fetch the useremail and password from the test data sheet and set it]]>
            </line>
            <line>
              <![CDATA[Fetched the useremail and password from the test data sheet successfully]]>
            </line>
            <line>
              <![CDATA[Enter Username and Password]]>
            </line>
            <line>
              <![CDATA[Login Successful]]>
            </line>
            <line>
              <![CDATA[Validating PDP and Complete the Look Size Functionality Started]]>
            </line>
            <line>
              <![CDATA[Fetch the search data]]>
            </line>
            <line>
              <![CDATA[Fetched search data from the test data sheet successfully]]>
            </line>
            <line>
              <![CDATA[Enter CTL Data]]>
            </line>
            <line>
              <![CDATA[Pima Ankle-Length Leggings]]>
            </line>
            <line>
              <![CDATA[Size Type validation in PDP and Complete the Look is matching]]>
            </line>
            <line>
              <![CDATA[Pure Jill Tie-Dyed Scarf]]>
            </line>
            <line>
              <![CDATA[Size Type validation in PDP and Complete the Look is matching]]>
            </line>
            <line>
              <![CDATA[Birkenstock® Arizona Big Buckle Sandals]]>
            </line>
            <line>
              <![CDATA[Size Type validation in PDP and Complete the Look is matching]]>
            </line>
            <line>
              <![CDATA[Tie-Dyed-Stripes Crew Socks]]>
            </line>
            <line>
              <![CDATA[Size Type validation in PDP and Complete the Look is matching]]>
            </line>
            <line>
              <![CDATA[Pima Ankle-Length Leggings]]>
            </line>
            <line>
              <![CDATA[Size Type validation in PDP and Complete the Look is matching]]>
            </line>
            <line>
              <![CDATA[Pure Jill Tie-Dyed Scarf]]>
            </line>
            <line>
              <![CDATA[Size Type validation in PDP and Complete the Look is matching]]>
            </line>
            <line>
              <![CDATA[Birkenstock® Arizona Big Buckle Sandals]]>
            </line>
            <line>
              <![CDATA[Size Type validation in PDP and Complete the Look is matching]]>
            </line>
            <line>
              <![CDATA[Tie-Dyed-Stripes Crew Socks]]>
            </line>
            <line>
              <![CDATA[Size Type validation in PDP and Complete the Look is matching]]>
            </line>
            <line>
              <![CDATA[Complete the Look Functionality Sucessfully]]>
            </line>
            <line>
              <![CDATA[Logging out of application]]>
            </line>
            <line>
              <![CDATA[Logout successful]]>
            </line>
          </reporter-output>
        </test-method> <!-- verifyPDP_CompletetheLook -->
        <test-method is-config="true" signature="tearDown()[pri:0, instance:com.JJill.testcases.TestCases@561b6512]" started-at="2022-02-28T13:05:37Z" name="tearDown" finished-at="2022-02-28T13:05:37Z" duration-ms="257" status="PASS">
          <reporter-output>
          </reporter-output>
        </test-method> <!-- tearDown -->
        <test-method is-config="true" signature="closeAll()[pri:0, instance:com.JJill.testcases.TestCases@561b6512]" started-at="2022-02-28T13:05:37Z" name="closeAll" finished-at="2022-02-28T13:05:37Z" duration-ms="289" status="PASS">
          <reporter-output>
          </reporter-output>
        </test-method> <!-- closeAll -->
      </class> <!-- com.JJill.testcases.TestCases -->
    </test> <!-- Test for the JJill application(failed)(failed)(failed)(failed)(failed)(failed)(failed)(failed)(failed)(failed)(failed)(failed)(failed)(failed)(failed)(failed)(failed)(failed)(failed)(failed)(failed)(failed) -->
  </suite> <!-- Failed suite [Failed suite [Failed suite [Failed suite [Failed suite [Failed suite [Failed suite [Failed suite [Failed suite [Failed suite [Failed suite [Failed suite [Failed suite [Failed suite [Failed suite [Failed suite [Failed suite [Failed suite [Failed suite [Failed suite [Failed suite [Failed suite [Testing JJill Application]]]]]]]]]]]]]]]]]]]]]] -->
</testng-results>
